<?xml version="1.0" encoding="UTF-8"?>
<testng-results ignored="0" total="1" passed="0" failed="1" skipped="0">
  <reporter-output>
    <line>
      <![CDATA[waiting time is100 mili second]]>
    </line>
    <line>
      <![CDATA[launching browser.....]]>
    </line>
    <line>
      <![CDATA[waiting time is1000 mili second]]>
    </line>
    <line>
      <![CDATA[click on Singn  inhome page button]]>
    </line>
    <line>
      <![CDATA[waiting time is1000 mili second]]>
    </line>
    <line>
      <![CDATA[enter the mobile no.]]>
    </line>
    <line>
      <![CDATA[waiting time is1000 mili second]]>
    </line>
    <line>
      <![CDATA[clicking on Signwithpassword  button]]>
    </line>
    <line>
      <![CDATA[waiting time is1000 mili second]]>
    </line>
    <line>
      <![CDATA[enter the password ]]>
    </line>
    <line>
      <![CDATA[waiting time is1000 mili second]]>
    </line>
    <line>
      <![CDATA[clicking on Singn in button]]>
    </line>
    <line>
      <![CDATA[waiting time is1000 mili second]]>
    </line>
    <line>
      <![CDATA[clicking on my account in button]]>
    </line>
    <line>
      <![CDATA[waiting time is1000 mili second]]>
    </line>
    <line>
      <![CDATA[clicking on myProfile button]]>
    </line>
    <line>
      <![CDATA[waiting time is1000 mili second]]>
    </line>
    <line>
      <![CDATA[switching to child page]]>
    </line>
    <line>
      <![CDATA[waiting time is200 mili second]]>
    </line>
    <line>
      <![CDATA[TC execution started tc is validateUserName]]>
    </line>
    <line>
      <![CDATA[get Actual User name]]>
    </line>
    <line>
      <![CDATA[Taking Screenshot]]>
    </line>
    <line>
      <![CDATA[Screenshot location isC:\Users\rasht\eclipse-workspace\PolicyBazaar\screenshot\validateUserName.png]]>
    </line>
    <line>
      <![CDATA[clicking on logoutbutton]]>
    </line>
    <line>
      <![CDATA[waiting time is1000 mili second]]>
    </line>
    <line>
      <![CDATA[closing browser.....]]>
    </line>
  </reporter-output>
  <suite started-at="2023-07-04T17:54:38 IST" name="Suite" finished-at="2023-07-04T17:54:58 IST" duration-ms="19913">
    <groups>
    </groups>
    <test started-at="2023-07-04T17:54:38 IST" name="Test" finished-at="2023-07-04T17:54:58 IST" duration-ms="19913">
      <class name="test.PB_TC_1020_ValidatePolicyUserName">
        <test-method is-config="true" signature="launchPolicyBazar()[pri:0, instance:test.PB_TC_1020_ValidatePolicyUserName@36fc695d]" started-at="2023-07-04T17:54:38 IST" name="launchPolicyBazar" finished-at="2023-07-04T17:54:44 IST" duration-ms="5691" status="PASS">
          <reporter-output>
            <line>
              <![CDATA[waiting time is100 mili second]]>
            </line>
            <line>
              <![CDATA[launching browser.....]]>
            </line>
          </reporter-output>
        </test-method> <!-- launchPolicyBazar -->
        <test-method is-config="true" signature="loginPolicyBazar()[pri:0, instance:test.PB_TC_1020_ValidatePolicyUserName@36fc695d]" started-at="2023-07-04T17:54:44 IST" name="loginPolicyBazar" finished-at="2023-07-04T17:54:55 IST" duration-ms="10920" status="PASS">
          <reporter-output>
            <line>
              <![CDATA[waiting time is1000 mili second]]>
            </line>
            <line>
              <![CDATA[click on Singn  inhome page button]]>
            </line>
            <line>
              <![CDATA[waiting time is1000 mili second]]>
            </line>
            <line>
              <![CDATA[enter the mobile no.]]>
            </line>
            <line>
              <![CDATA[waiting time is1000 mili second]]>
            </line>
            <line>
              <![CDATA[clicking on Signwithpassword  button]]>
            </line>
            <line>
              <![CDATA[waiting time is1000 mili second]]>
            </line>
            <line>
              <![CDATA[enter the password ]]>
            </line>
            <line>
              <![CDATA[waiting time is1000 mili second]]>
            </line>
            <line>
              <![CDATA[clicking on Singn in button]]>
            </line>
            <line>
              <![CDATA[waiting time is1000 mili second]]>
            </line>
            <line>
              <![CDATA[clicking on my account in button]]>
            </line>
            <line>
              <![CDATA[waiting time is1000 mili second]]>
            </line>
            <line>
              <![CDATA[clicking on myProfile button]]>
            </line>
            <line>
              <![CDATA[waiting time is1000 mili second]]>
            </line>
            <line>
              <![CDATA[switching to child page]]>
            </line>
            <line>
              <![CDATA[waiting time is200 mili second]]>
            </line>
          </reporter-output>
        </test-method> <!-- loginPolicyBazar -->
        <test-method signature="validateUserName()[pri:0, instance:test.PB_TC_1020_ValidatePolicyUserName@36fc695d]" started-at="2023-07-04T17:54:55 IST" name="validateUserName" finished-at="2023-07-04T17:54:56 IST" duration-ms="678" status="FAIL">
          <exception class="java.lang.AssertionError">
            <message>
              <![CDATA[TC is failed actualUN and EXPUN is not matched expected [Rashtratej Sawai1] but found [Rashtratej Sawai]]]>
            </message>
            <full-stacktrace>
              <![CDATA[java.lang.AssertionError: TC is failed actualUN and EXPUN is not matched expected [Rashtratej Sawai1] but found [Rashtratej Sawai]
at org.testng.Assert.fail(Assert.java:111)
at org.testng.Assert.failNotEquals(Assert.java:1578)
at org.testng.Assert.assertEqualsImpl(Assert.java:150)
at org.testng.Assert.assertEquals(Assert.java:132)
at org.testng.Assert.assertEquals(Assert.java:656)
at test.PB_TC_1020_ValidatePolicyUserName.validateUserName(PB_TC_1020_ValidatePolicyUserName.java:74)
at java.base/jdk.internal.reflect.DirectMethodHandleAccessor.invoke(DirectMethodHandleAccessor.java:104)
at java.base/java.lang.reflect.Method.invoke(Method.java:577)
at org.testng.internal.invokers.MethodInvocationHelper.invokeMethod(MethodInvocationHelper.java:139)
at org.testng.internal.invokers.TestInvoker.invokeMethod(TestInvoker.java:664)
at org.testng.internal.invokers.TestInvoker.invokeTestMethod(TestInvoker.java:227)
at org.testng.internal.invokers.MethodRunner.runInSequence(MethodRunner.java:50)
at org.testng.internal.invokers.TestInvoker$MethodInvocationAgent.invoke(TestInvoker.java:957)
at org.testng.internal.invokers.TestInvoker.invokeTestMethods(TestInvoker.java:200)
at org.testng.internal.invokers.TestMethodWorker.invokeTestMethods(TestMethodWorker.java:148)
at org.testng.internal.invokers.TestMethodWorker.run(TestMethodWorker.java:128)
at java.base/java.util.ArrayList.forEach(ArrayList.java:1511)
at org.testng.TestRunner.privateRun(TestRunner.java:848)
at org.testng.TestRunner.run(TestRunner.java:621)
at org.testng.SuiteRunner.runTest(SuiteRunner.java:443)
at org.testng.SuiteRunner.runSequentially(SuiteRunner.java:437)
at org.testng.SuiteRunner.privateRun(SuiteRunner.java:397)
at org.testng.SuiteRunner.run(SuiteRunner.java:336)
at org.testng.SuiteRunnerWorker.runSuite(SuiteRunnerWorker.java:52)
at org.testng.SuiteRunnerWorker.run(SuiteRunnerWorker.java:95)
at org.testng.TestNG.runSuitesSequentially(TestNG.java:1280)
at org.testng.TestNG.runSuitesLocally(TestNG.java:1200)
at org.testng.TestNG.runSuites(TestNG.java:1114)
at org.testng.TestNG.run(TestNG.java:1082)
at org.testng.remote.AbstractRemoteTestNG.run(AbstractRemoteTestNG.java:115)
at org.testng.remote.RemoteTestNG.initAndRun(RemoteTestNG.java:251)
at org.testng.remote.RemoteTestNG.main(RemoteTestNG.java:77)
]]>
            </full-stacktrace>
          </exception> <!-- java.lang.AssertionError -->
          <reporter-output>
            <line>
              <![CDATA[TC execution started tc is validateUserName]]>
            </line>
            <line>
              <![CDATA[get Actual User name]]>
            </line>
            <line>
              <![CDATA[Taking Screenshot]]>
            </line>
            <line>
              <![CDATA[Screenshot location isC:\Users\rasht\eclipse-workspace\PolicyBazaar\screenshot\validateUserName.png]]>
            </line>
          </reporter-output>
        </test-method> <!-- validateUserName -->
        <test-method is-config="true" signature="closePolicyBazar()[pri:0, instance:test.PB_TC_1020_ValidatePolicyUserName@36fc695d]" started-at="2023-07-04T17:54:56 IST" name="closePolicyBazar" finished-at="2023-07-04T17:54:58 IST" duration-ms="2214" status="PASS">
          <reporter-output>
            <line>
              <![CDATA[clicking on logoutbutton]]>
            </line>
            <line>
              <![CDATA[waiting time is1000 mili second]]>
            </line>
          </reporter-output>
        </test-method> <!-- closePolicyBazar -->
        <test-method is-config="true" signature="CloseBrowser()[pri:0, instance:test.PB_TC_1020_ValidatePolicyUserName@36fc695d]" started-at="2023-07-04T17:54:58 IST" name="CloseBrowser" finished-at="2023-07-04T17:54:58 IST" duration-ms="201" status="PASS">
          <reporter-output>
            <line>
              <![CDATA[closing browser.....]]>
            </line>
          </reporter-output>
        </test-method> <!-- CloseBrowser -->
      </class> <!-- test.PB_TC_1020_ValidatePolicyUserName -->
    </test> <!-- Test -->
  </suite> <!-- Suite -->
</testng-results>
